
> kpt-frontend@0.1.0 build
> next build

  ▲ Next.js 14.2.23
  - Environments: .env

   Creating an optimized production build ...
Failed to compile.

./app/(features)/dashboard/gantt/page.tsx
Error: 
  [31mx[0m Unexpected token `div`. Expected jsx identifier
     ,-[[36;1;4m/Users/naoyaiijima/Project/KPT/KPTConnectFE/kpt-frontend/app/(features)/dashboard/gantt/page.tsx[0m:463:1]
 [2m463[0m |   }
 [2m464[0m | 
 [2m465[0m |   return (
 [2m466[0m |     <div 
     : [31;1m     ^^^[0m
 [2m467[0m |       className="min-h-[calc(100vh-116px-64px)] bg-gradient-to-br from-slate-50 to-slate-100 py-8 px-4"
 [2m468[0m |       onMouseMove={handleDragMove}
 [2m469[0m |       onMouseUp={handleDragEnd}
     `----

Caused by:
    Syntax Error

Import trace for requested module:
./app/(features)/dashboard/gantt/page.tsx


> Build failed because of webpack errors
